[[1;34mINFO[m] Scanning for projects...
[[1;34mINFO[m] 
[[1;34mINFO[m] [1m--------------------< [0;36mcom.keyin:ticketnest-backend[0;1m >--------------------[m
[[1;34mINFO[m] [1mBuilding ticketnest-backend 1.0.0[m
[[1;34mINFO[m]   from pom.xml
[[1;34mINFO[m] [1m--------------------------------[ jar ]---------------------------------[m
[[1;34mINFO[m] 
[[1;34mINFO[m] [1m>>> [0;32mspring-boot:3.1.5:run[m [1m(default-cli)[0;1m > [0;1mtest-compile[m @ [36mticketnest-backend[0;1m >>>[m
[[1;34mINFO[m] 
[[1;34mINFO[m] [1m--- [0;32mresources:3.3.1:resources[m [1m(default-resources)[m @ [36mticketnest-backend[0;1m ---[m
[[1;34mINFO[m] Copying 2 resources from src/main/resources to target/classes
[[1;34mINFO[m] Copying 0 resource from src/main/resources to target/classes
[[1;34mINFO[m] 
[[1;34mINFO[m] [1m--- [0;32mcompiler:3.11.0:compile[m [1m(default-compile)[m @ [36mticketnest-backend[0;1m ---[m
[[1;34mINFO[m] Nothing to compile - all classes are up to date
[[1;34mINFO[m] 
[[1;34mINFO[m] [1m--- [0;32mresources:3.3.1:testResources[m [1m(default-testResources)[m @ [36mticketnest-backend[0;1m ---[m
[[1;34mINFO[m] skip non existing resourceDirectory /home/zuku/IdeaProjects/ticketnest-backend/src/test/resources
[[1;34mINFO[m] 
[[1;34mINFO[m] [1m--- [0;32mcompiler:3.11.0:testCompile[m [1m(default-testCompile)[m @ [36mticketnest-backend[0;1m ---[m
[[1;34mINFO[m] Changes detected - recompiling the module! :source
[[1;34mINFO[m] Compiling 1 source file with javac [debug release 21] to target/test-classes
[[1;34mINFO[m] 
[[1;34mINFO[m] [1m<<< [0;32mspring-boot:3.1.5:run[m [1m(default-cli)[0;1m < [0;1mtest-compile[m @ [36mticketnest-backend[0;1m <<<[m
[[1;34mINFO[m] 
[[1;34mINFO[m] 
[[1;34mINFO[m] [1m--- [0;32mspring-boot:3.1.5:run[m [1m(default-cli)[m @ [36mticketnest-backend[0;1m ---[m
[[1;34mINFO[m] Attaching agents: []

  .   ____          _            __ _ _
 /\\ / ___'_ __ _ _(_)_ __  __ _ \ \ \ \
( ( )\___ | '_ | '_| | '_ \/ _` | \ \ \ \
 \\/  ___)| |_)| | | | | || (_| |  ) ) ) )
  '  |____| .__|_| |_|_| |_\__, | / / / /
 =========|_|==============|___/=/_/_/_/
 :: Spring Boot ::                (v3.1.5)

2026-04-06T16:37:22.021-02:30  INFO 1176124 --- [           main] c.k.t.TicketnestBackendApplication       : Starting TicketnestBackendApplication using Java 21.0.11-ea with PID 1176124 (/home/zuku/IdeaProjects/ticketnest-backend/target/classes started by zuku in /home/zuku/IdeaProjects/ticketnest-backend)
2026-04-06T16:37:22.024-02:30  INFO 1176124 --- [           main] c.k.t.TicketnestBackendApplication       : No active profile set, falling back to 1 default profile: "default"
2026-04-06T16:37:22.992-02:30  INFO 1176124 --- [           main] .s.d.r.c.RepositoryConfigurationDelegate : Bootstrapping Spring Data JPA repositories in DEFAULT mode.
2026-04-06T16:37:23.051-02:30  INFO 1176124 --- [           main] .s.d.r.c.RepositoryConfigurationDelegate : Finished Spring Data repository scanning in 51 ms. Found 4 JPA repository interfaces.
2026-04-06T16:37:23.667-02:30  INFO 1176124 --- [           main] o.s.b.w.embedded.tomcat.TomcatWebServer  : Tomcat initialized with port(s): 8080 (http)
2026-04-06T16:37:23.676-02:30  INFO 1176124 --- [           main] o.apache.catalina.core.StandardService   : Starting service [Tomcat]
2026-04-06T16:37:23.676-02:30  INFO 1176124 --- [           main] o.apache.catalina.core.StandardEngine    : Starting Servlet engine: [Apache Tomcat/10.1.15]
2026-04-06T16:37:23.761-02:30  INFO 1176124 --- [           main] o.a.c.c.C.[Tomcat].[localhost].[/]       : Initializing Spring embedded WebApplicationContext
2026-04-06T16:37:23.762-02:30  INFO 1176124 --- [           main] w.s.c.ServletWebServerApplicationContext : Root WebApplicationContext: initialization completed in 1680 ms
2026-04-06T16:37:24.052-02:30  INFO 1176124 --- [           main] o.hibernate.jpa.internal.util.LogHelper  : HHH000204: Processing PersistenceUnitInfo [name: default]
2026-04-06T16:37:24.099-02:30  INFO 1176124 --- [           main] org.hibernate.Version                    : HHH000412: Hibernate ORM core version 6.2.13.Final
2026-04-06T16:37:24.102-02:30  INFO 1176124 --- [           main] org.hibernate.cfg.Environment            : HHH000406: Using bytecode reflection optimizer
2026-04-06T16:37:24.416-02:30  INFO 1176124 --- [           main] o.s.o.j.p.SpringPersistenceUnitInfo      : No LoadTimeWeaver setup: ignoring JPA class transformer
2026-04-06T16:37:24.441-02:30  INFO 1176124 --- [           main] com.zaxxer.hikari.HikariDataSource       : HikariPool-1 - Starting...
2026-04-06T16:37:24.799-02:30  INFO 1176124 --- [           main] com.zaxxer.hikari.pool.HikariPool        : HikariPool-1 - Added connection com.mysql.cj.jdbc.ConnectionImpl@1a7d0c9f
2026-04-06T16:37:24.801-02:30  INFO 1176124 --- [           main] com.zaxxer.hikari.HikariDataSource       : HikariPool-1 - Start completed.
2026-04-06T16:37:26.010-02:30  INFO 1176124 --- [           main] o.h.e.t.j.p.i.JtaPlatformInitiator       : HHH000489: No JTA platform available (set 'hibernate.transaction.jta.platform' to enable JTA platform integration)
2026-04-06T16:37:26.091-02:30  INFO 1176124 --- [           main] j.LocalContainerEntityManagerFactoryBean : Initialized JPA EntityManagerFactory for persistence unit 'default'
2026-04-06T16:37:26.632-02:30  WARN 1176124 --- [           main] JpaBaseConfiguration$JpaWebConfiguration : spring.jpa.open-in-view is enabled by default. Therefore, database queries may be performed during view rendering. Explicitly configure spring.jpa.open-in-view to disable this warning
2026-04-06T16:37:27.163-02:30  INFO 1176124 --- [           main] o.s.b.a.e.web.EndpointLinksResolver      : Exposing 1 endpoint(s) beneath base path '/actuator'
2026-04-06T16:37:27.279-02:30  INFO 1176124 --- [           main] o.s.b.w.embedded.tomcat.TomcatWebServer  : Tomcat started on port(s): 8080 (http) with context path ''
2026-04-06T16:37:27.296-02:30  INFO 1176124 --- [           main] c.k.t.TicketnestBackendApplication       : Started TicketnestBackendApplication in 5.659 seconds (process running for 6.085)
2026-04-06T16:37:52.852-02:30  INFO 1176124 --- [nio-8080-exec-1] o.a.c.c.C.[Tomcat].[localhost].[/]       : Initializing Spring DispatcherServlet 'dispatcherServlet'
2026-04-06T16:37:52.853-02:30  INFO 1176124 --- [nio-8080-exec-1] o.s.web.servlet.DispatcherServlet        : Initializing Servlet 'dispatcherServlet'
2026-04-06T16:37:52.855-02:30  INFO 1176124 --- [nio-8080-exec-1] o.s.web.servlet.DispatcherServlet        : Completed initialization in 2 ms
Hibernate: insert into events (available_tickets,date,description,price,time,title,total_tickets) values (?,?,?,?,?,?,?)
Hibernate: select e1_0.id,e1_0.available_tickets,e1_0.date,e1_0.description,e1_0.price,e1_0.time,e1_0.title,e1_0.total_tickets from events e1_0
